{"/Users/bergs/workspace/fluent_interfance_and_builder/src/fluentSQL.js": {"path":"/Users/bergs/workspace/fluent_interfance_and_builder/src/fluentSQL.js","all":false,"statementMap":{"0":{"start":{"line":1,"column":0},"end":{"line":1,"column":39}},"1":{"start":{"line":2,"column":0},"end":{"line":2,"column":17}},"2":{"start":{"line":3,"column":0},"end":{"line":3,"column":13}},"3":{"start":{"line":4,"column":0},"end":{"line":4,"column":15}},"4":{"start":{"line":5,"column":0},"end":{"line":5,"column":14}},"5":{"start":{"line":6,"column":0},"end":{"line":6,"column":16}},"6":{"start":{"line":7,"column":0},"end":{"line":7,"column":0}},"7":{"start":{"line":8,"column":0},"end":{"line":8,"column":25}},"8":{"start":{"line":9,"column":0},"end":{"line":9,"column":30}},"9":{"start":{"line":10,"column":0},"end":{"line":10,"column":3}},"10":{"start":{"line":11,"column":0},"end":{"line":11,"column":0}},"11":{"start":{"line":12,"column":0},"end":{"line":12,"column":24}},"12":{"start":{"line":13,"column":0},"end":{"line":13,"column":42}},"13":{"start":{"line":14,"column":0},"end":{"line":14,"column":3}},"14":{"start":{"line":15,"column":0},"end":{"line":15,"column":0}},"15":{"start":{"line":16,"column":0},"end":{"line":16,"column":18}},"16":{"start":{"line":17,"column":0},"end":{"line":17,"column":26}},"17":{"start":{"line":18,"column":0},"end":{"line":18,"column":16}},"18":{"start":{"line":19,"column":0},"end":{"line":19,"column":3}},"19":{"start":{"line":20,"column":0},"end":{"line":20,"column":0}},"20":{"start":{"line":21,"column":0},"end":{"line":21,"column":14}},"21":{"start":{"line":22,"column":0},"end":{"line":22,"column":22}},"22":{"start":{"line":23,"column":0},"end":{"line":23,"column":16}},"23":{"start":{"line":24,"column":0},"end":{"line":24,"column":3}},"24":{"start":{"line":25,"column":0},"end":{"line":25,"column":0}},"25":{"start":{"line":26,"column":0},"end":{"line":26,"column":17}},"26":{"start":{"line":27,"column":0},"end":{"line":27,"column":25}},"27":{"start":{"line":28,"column":0},"end":{"line":28,"column":16}},"28":{"start":{"line":29,"column":0},"end":{"line":29,"column":3}},"29":{"start":{"line":30,"column":0},"end":{"line":30,"column":0}},"30":{"start":{"line":31,"column":0},"end":{"line":31,"column":16}},"31":{"start":{"line":32,"column":0},"end":{"line":32,"column":58}},"32":{"start":{"line":33,"column":0},"end":{"line":33,"column":23}},"33":{"start":{"line":34,"column":0},"end":{"line":34,"column":37}},"34":{"start":{"line":35,"column":0},"end":{"line":35,"column":23}},"35":{"start":{"line":36,"column":0},"end":{"line":36,"column":36}},"36":{"start":{"line":37,"column":0},"end":{"line":37,"column":0}},"37":{"start":{"line":38,"column":0},"end":{"line":38,"column":6}},"38":{"start":{"line":39,"column":0},"end":{"line":39,"column":9}},"39":{"start":{"line":40,"column":0},"end":{"line":40,"column":35}},"40":{"start":{"line":41,"column":0},"end":{"line":41,"column":9}},"41":{"start":{"line":42,"column":0},"end":{"line":42,"column":10}},"42":{"start":{"line":43,"column":0},"end":{"line":43,"column":0}},"43":{"start":{"line":44,"column":0},"end":{"line":44,"column":52}},"44":{"start":{"line":45,"column":0},"end":{"line":45,"column":0}},"45":{"start":{"line":46,"column":0},"end":{"line":46,"column":16}},"46":{"start":{"line":47,"column":0},"end":{"line":47,"column":3}},"47":{"start":{"line":48,"column":0},"end":{"line":48,"column":0}},"48":{"start":{"line":49,"column":0},"end":{"line":49,"column":26}},"49":{"start":{"line":50,"column":0},"end":{"line":50,"column":57}},"50":{"start":{"line":51,"column":0},"end":{"line":51,"column":3}},"51":{"start":{"line":52,"column":0},"end":{"line":52,"column":0}},"52":{"start":{"line":53,"column":0},"end":{"line":53,"column":23}},"53":{"start":{"line":54,"column":0},"end":{"line":54,"column":49}},"54":{"start":{"line":55,"column":0},"end":{"line":55,"column":49}},"55":{"start":{"line":56,"column":0},"end":{"line":56,"column":5}},"56":{"start":{"line":57,"column":0},"end":{"line":57,"column":0}},"57":{"start":{"line":58,"column":0},"end":{"line":58,"column":16}},"58":{"start":{"line":59,"column":0},"end":{"line":59,"column":3}},"59":{"start":{"line":60,"column":0},"end":{"line":60,"column":0}},"60":{"start":{"line":61,"column":0},"end":{"line":61,"column":24}},"61":{"start":{"line":62,"column":0},"end":{"line":62,"column":27}},"62":{"start":{"line":63,"column":0},"end":{"line":63,"column":41}},"63":{"start":{"line":64,"column":0},"end":{"line":64,"column":0}},"64":{"start":{"line":65,"column":0},"end":{"line":65,"column":41}},"65":{"start":{"line":66,"column":0},"end":{"line":66,"column":71}},"66":{"start":{"line":67,"column":0},"end":{"line":67,"column":31}},"67":{"start":{"line":68,"column":0},"end":{"line":68,"column":5}},"68":{"start":{"line":69,"column":0},"end":{"line":69,"column":0}},"69":{"start":{"line":70,"column":0},"end":{"line":70,"column":23}},"70":{"start":{"line":71,"column":0},"end":{"line":71,"column":3}},"71":{"start":{"line":72,"column":0},"end":{"line":72,"column":0}},"72":{"start":{"line":73,"column":0},"end":{"line":73,"column":28}},"73":{"start":{"line":74,"column":0},"end":{"line":74,"column":39}},"74":{"start":{"line":75,"column":0},"end":{"line":75,"column":0}},"75":{"start":{"line":76,"column":0},"end":{"line":76,"column":39}},"76":{"start":{"line":77,"column":0},"end":{"line":77,"column":60}},"77":{"start":{"line":78,"column":0},"end":{"line":78,"column":6}},"78":{"start":{"line":79,"column":0},"end":{"line":79,"column":3}},"79":{"start":{"line":80,"column":0},"end":{"line":80,"column":0}},"80":{"start":{"line":81,"column":0},"end":{"line":81,"column":11}},"81":{"start":{"line":82,"column":0},"end":{"line":82,"column":23}},"82":{"start":{"line":83,"column":0},"end":{"line":83,"column":40}},"83":{"start":{"line":84,"column":0},"end":{"line":84,"column":46}},"84":{"start":{"line":85,"column":0},"end":{"line":85,"column":0}},"85":{"start":{"line":86,"column":0},"end":{"line":86,"column":52}},"86":{"start":{"line":87,"column":0},"end":{"line":87,"column":32}},"87":{"start":{"line":88,"column":0},"end":{"line":88,"column":0}},"88":{"start":{"line":89,"column":0},"end":{"line":89,"column":45}},"89":{"start":{"line":90,"column":0},"end":{"line":90,"column":5}},"90":{"start":{"line":91,"column":0},"end":{"line":91,"column":0}},"91":{"start":{"line":92,"column":0},"end":{"line":92,"column":54}},"92":{"start":{"line":93,"column":0},"end":{"line":93,"column":23}},"93":{"start":{"line":94,"column":0},"end":{"line":94,"column":3}},"94":{"start":{"line":95,"column":0},"end":{"line":95,"column":1}}},"s":{"0":1,"1":8,"2":8,"3":8,"4":1,"5":1,"6":7,"7":7,"8":1,"9":2,"10":2,"11":2,"12":1,"13":1,"14":1,"15":1,"16":1,"17":2,"18":2,"19":2,"20":2,"21":2,"22":1,"23":3,"24":3,"25":3,"26":3,"27":3,"28":3,"29":3,"30":3,"31":3,"32":3,"33":3,"34":3,"35":3,"36":3,"37":3,"38":3,"39":3,"40":3,"41":3,"42":3,"43":1,"44":1,"45":1,"46":1,"47":1,"48":1,"49":16,"50":16,"51":16,"52":16,"53":1,"54":12,"55":12,"56":12,"57":12,"58":12,"59":12,"60":12,"61":12,"62":36,"63":12,"64":36,"65":1,"66":6,"67":6,"68":4,"69":6,"70":2,"71":2,"72":2,"73":4,"74":4,"75":1,"76":6,"77":16,"78":16,"79":16,"80":16,"81":16,"82":12,"83":12,"84":12,"85":16,"86":6,"87":6,"88":6,"89":6,"90":1,"91":1,"92":1,"93":1,"94":1},"branchMap":{"0":{"type":"branch","line":1,"loc":{"start":{"line":1,"column":0},"end":{"line":1,"column":38}},"locations":[{"start":{"line":1,"column":0},"end":{"line":1,"column":38}}]},"1":{"type":"branch","line":1,"loc":{"start":{"line":1,"column":21},"end":{"line":5,"column":11}},"locations":[{"start":{"line":1,"column":21},"end":{"line":5,"column":11}}]},"2":{"type":"branch","line":6,"loc":{"start":{"line":6,"column":2},"end":{"line":9,"column":21}},"locations":[{"start":{"line":6,"column":2},"end":{"line":9,"column":21}}]},"3":{"type":"branch","line":9,"loc":{"start":{"line":9,"column":21},"end":{"line":13,"column":32}},"locations":[{"start":{"line":9,"column":21},"end":{"line":13,"column":32}}]},"4":{"type":"branch","line":13,"loc":{"start":{"line":13,"column":15},"end":{"line":17,"column":9}},"locations":[{"start":{"line":13,"column":15},"end":{"line":17,"column":9}}]},"5":{"type":"branch","line":17,"loc":{"start":{"line":17,"column":20},"end":{"line":22,"column":22}},"locations":[{"start":{"line":17,"column":20},"end":{"line":22,"column":22}}]},"6":{"type":"branch","line":23,"loc":{"start":{"line":23,"column":4},"end":{"line":44,"column":9}},"locations":[{"start":{"line":23,"column":4},"end":{"line":44,"column":9}}]},"7":{"type":"branch","line":32,"loc":{"start":{"line":32,"column":18},"end":{"line":32,"column":42}},"locations":[{"start":{"line":32,"column":18},"end":{"line":32,"column":42}}]},"8":{"type":"branch","line":32,"loc":{"start":{"line":32,"column":42},"end":{"line":33,"column":10}},"locations":[{"start":{"line":32,"column":42},"end":{"line":33,"column":10}}]},"9":{"type":"branch","line":44,"loc":{"start":{"line":44,"column":37},"end":{"line":46,"column":11}},"locations":[{"start":{"line":44,"column":37},"end":{"line":46,"column":11}}]},"10":{"type":"branch","line":49,"loc":{"start":{"line":49,"column":3},"end":{"line":54,"column":40}},"locations":[{"start":{"line":49,"column":3},"end":{"line":54,"column":40}}]},"11":{"type":"branch","line":54,"loc":{"start":{"line":54,"column":9},"end":{"line":54,"column":25}},"locations":[{"start":{"line":54,"column":9},"end":{"line":54,"column":25}}]},"12":{"type":"branch","line":54,"loc":{"start":{"line":54,"column":25},"end":{"line":54,"column":40}},"locations":[{"start":{"line":54,"column":25},"end":{"line":54,"column":40}}]},"13":{"type":"branch","line":54,"loc":{"start":{"line":54,"column":41},"end":{"line":66,"column":56}},"locations":[{"start":{"line":54,"column":41},"end":{"line":66,"column":56}}]},"14":{"type":"branch","line":62,"loc":{"start":{"line":62,"column":21},"end":{"line":66,"column":23}},"locations":[{"start":{"line":62,"column":21},"end":{"line":66,"column":23}}]},"15":{"type":"branch","line":63,"loc":{"start":{"line":63,"column":26},"end":{"line":65,"column":15}},"locations":[{"start":{"line":63,"column":26},"end":{"line":65,"column":15}}]},"16":{"type":"branch","line":65,"loc":{"start":{"line":65,"column":15},"end":{"line":65,"column":31}},"locations":[{"start":{"line":65,"column":15},"end":{"line":65,"column":31}}]},"17":{"type":"branch","line":65,"loc":{"start":{"line":65,"column":21},"end":{"line":66,"column":23}},"locations":[{"start":{"line":65,"column":21},"end":{"line":66,"column":23}}]},"18":{"type":"branch","line":66,"loc":{"start":{"line":66,"column":47},"end":{"line":76,"column":11}},"locations":[{"start":{"line":66,"column":47},"end":{"line":76,"column":11}}]},"19":{"type":"branch","line":69,"loc":{"start":{"line":69,"column":-1},"end":{"line":70,"column":11}},"locations":[{"start":{"line":69,"column":-1},"end":{"line":70,"column":11}}]},"20":{"type":"branch","line":70,"loc":{"start":{"line":70,"column":4},"end":{"line":76,"column":11}},"locations":[{"start":{"line":70,"column":4},"end":{"line":76,"column":11}}]},"21":{"type":"branch","line":73,"loc":{"start":{"line":73,"column":3},"end":{"line":76,"column":11}},"locations":[{"start":{"line":73,"column":3},"end":{"line":76,"column":11}}]},"22":{"type":"branch","line":76,"loc":{"start":{"line":76,"column":11},"end":{"line":90,"column":5}},"locations":[{"start":{"line":76,"column":11},"end":{"line":90,"column":5}}]},"23":{"type":"branch","line":77,"loc":{"start":{"line":77,"column":51},"end":{"line":86,"column":52}},"locations":[{"start":{"line":77,"column":51},"end":{"line":86,"column":52}}]},"24":{"type":"branch","line":82,"loc":{"start":{"line":82,"column":4},"end":{"line":86,"column":46}},"locations":[{"start":{"line":82,"column":4},"end":{"line":86,"column":46}}]},"25":{"type":"branch","line":86,"loc":{"start":{"line":86,"column":32},"end":{"line":86,"column":46}},"locations":[{"start":{"line":86,"column":32},"end":{"line":86,"column":46}}]}},"b":{"0":[8],"1":[8],"2":[7],"3":[2],"4":[1],"5":[2],"6":[3],"7":[2],"8":[1],"9":[1],"10":[16],"11":[4],"12":[12],"13":[12],"14":[36],"15":[12],"16":[4],"17":[32],"18":[6],"19":[4],"20":[2],"21":[4],"22":[6],"23":[16],"24":[12],"25":[1]},"fnMap":{"0":{"name":"<instance_members_initializer>","decl":{"start":{"line":1,"column":0},"end":{"line":1,"column":38}},"loc":{"start":{"line":1,"column":0},"end":{"line":1,"column":38}},"line":1},"1":{"name":"FluentSQLBuilder","decl":{"start":{"line":1,"column":21},"end":{"line":5,"column":11}},"loc":{"start":{"line":1,"column":21},"end":{"line":5,"column":11}},"line":1},"2":{"name":"for","decl":{"start":{"line":6,"column":2},"end":{"line":9,"column":21}},"loc":{"start":{"line":6,"column":2},"end":{"line":9,"column":21}},"line":6},"3":{"name":"orderBy","decl":{"start":{"line":9,"column":21},"end":{"line":13,"column":32}},"loc":{"start":{"line":9,"column":21},"end":{"line":13,"column":32}},"line":9},"4":{"name":"limit","decl":{"start":{"line":13,"column":15},"end":{"line":17,"column":9}},"loc":{"start":{"line":13,"column":15},"end":{"line":17,"column":9}},"line":13},"5":{"name":"select","decl":{"start":{"line":17,"column":20},"end":{"line":22,"column":22}},"loc":{"start":{"line":17,"column":20},"end":{"line":22,"column":22}},"line":17},"6":{"name":"where","decl":{"start":{"line":23,"column":4},"end":{"line":44,"column":9}},"loc":{"start":{"line":23,"column":4},"end":{"line":44,"column":9}},"line":23},"7":{"name":"#performWhere","decl":{"start":{"line":49,"column":3},"end":{"line":54,"column":40}},"loc":{"start":{"line":49,"column":3},"end":{"line":54,"column":40}},"line":49},"8":{"name":"#performSelect","decl":{"start":{"line":54,"column":41},"end":{"line":66,"column":56}},"loc":{"start":{"line":54,"column":41},"end":{"line":66,"column":56}},"line":54},"9":{"name":"#performOrderBy","decl":{"start":{"line":66,"column":47},"end":{"line":76,"column":11}},"loc":{"start":{"line":66,"column":47},"end":{"line":76,"column":11}},"line":66},"10":{"name":"build","decl":{"start":{"line":76,"column":11},"end":{"line":90,"column":5}},"loc":{"start":{"line":76,"column":11},"end":{"line":90,"column":5}},"line":76}},"f":{"0":8,"1":8,"2":7,"3":2,"4":1,"5":2,"6":3,"7":16,"8":12,"9":6,"10":6}}
}
