TN:
SF:src/fluentSQL.js
FN:1,<instance_members_initializer>
FN:1,FluentSQLBuilder
FN:6,for
FN:9,orderBy
FN:13,limit
FN:17,select
FN:23,where
FN:49,#performWhere
FN:54,#performSelect
FN:66,#performOrderBy
FN:76,build
FNF:11
FNH:11
FNDA:8,<instance_members_initializer>
FNDA:8,FluentSQLBuilder
FNDA:7,for
FNDA:2,orderBy
FNDA:1,limit
FNDA:2,select
FNDA:3,where
FNDA:16,#performWhere
FNDA:12,#performSelect
FNDA:6,#performOrderBy
FNDA:6,build
DA:1,1
DA:2,8
DA:3,8
DA:4,8
DA:5,1
DA:6,1
DA:7,7
DA:8,7
DA:9,1
DA:10,2
DA:11,2
DA:12,2
DA:13,1
DA:14,1
DA:15,1
DA:16,1
DA:17,1
DA:18,2
DA:19,2
DA:20,2
DA:21,2
DA:22,2
DA:23,1
DA:24,3
DA:25,3
DA:26,3
DA:27,3
DA:28,3
DA:29,3
DA:30,3
DA:31,3
DA:32,3
DA:33,3
DA:34,3
DA:35,3
DA:36,3
DA:37,3
DA:38,3
DA:39,3
DA:40,3
DA:41,3
DA:42,3
DA:43,3
DA:44,1
DA:45,1
DA:46,1
DA:47,1
DA:48,1
DA:49,1
DA:50,16
DA:51,16
DA:52,16
DA:53,16
DA:54,1
DA:55,12
DA:56,12
DA:57,12
DA:58,12
DA:59,12
DA:60,12
DA:61,12
DA:62,12
DA:63,36
DA:64,12
DA:65,36
DA:66,1
DA:67,6
DA:68,6
DA:69,4
DA:70,6
DA:71,2
DA:72,2
DA:73,2
DA:74,4
DA:75,4
DA:76,1
DA:77,6
DA:78,16
DA:79,16
DA:80,16
DA:81,16
DA:82,16
DA:83,12
DA:84,12
DA:85,12
DA:86,16
DA:87,6
DA:88,6
DA:89,6
DA:90,6
DA:91,1
DA:92,1
DA:93,1
DA:94,1
DA:95,1
LF:95
LH:95
BRDA:1,0,0,8
BRDA:1,1,0,8
BRDA:6,2,0,7
BRDA:9,3,0,2
BRDA:13,4,0,1
BRDA:17,5,0,2
BRDA:23,6,0,3
BRDA:32,7,0,2
BRDA:32,8,0,1
BRDA:44,9,0,1
BRDA:49,10,0,16
BRDA:54,11,0,4
BRDA:54,12,0,12
BRDA:54,13,0,12
BRDA:62,14,0,36
BRDA:63,15,0,12
BRDA:65,16,0,4
BRDA:65,17,0,32
BRDA:66,18,0,6
BRDA:69,19,0,4
BRDA:70,20,0,2
BRDA:73,21,0,4
BRDA:76,22,0,6
BRDA:77,23,0,16
BRDA:82,24,0,12
BRDA:86,25,0,1
BRF:26
BRH:26
end_of_record
